<?xml version="1.0" encoding="UTF-8"?>
<testng-results ignored="0" total="1" passed="1" failed="0" skipped="0">
  <reporter-output>
  </reporter-output>
  <suite started-at="2023-07-12T16:04:39 IST" name="Default suite" finished-at="2023-07-12T16:04:51 IST" duration-ms="11429">
    <groups>
    </groups>
    <test started-at="2023-07-12T16:04:39 IST" name="Default test" finished-at="2023-07-12T16:04:51 IST" duration-ms="11429">
      <class name="com.shankar.testcases.ShankarFirstTest">
        <test-method signature="testResult()[pri:0, instance:com.shankar.testcases.ShankarFirstTest@399f45b1]" started-at="2023-07-12T16:04:39 IST" name="testResult" finished-at="2023-07-12T16:04:51 IST" duration-ms="11387" status="PASS">
          <reporter-output>
          </reporter-output>
        </test-method> <!-- testResult -->
      </class> <!-- com.shankar.testcases.ShankarFirstTest -->
    </test> <!-- Default test -->
  </suite> <!-- Default suite -->
</testng-results>
